[19-Jun-2020 18:40:45 UTC] PHP Parse error:  syntax error, unexpected 'true' (T_STRING), expecting ')' in C:\Users\ericw\Local Sites\beulahmbc\app\public\wp-content\themes\beulahmbcwptheme\functions.php on line 18
[20-Jun-2020 21:01:53 UTC] PHP Parse error:  syntax error, unexpected ',', expecting ')' in C:\Users\ericw\Local Sites\beulahmbc\app\public\wp-content\themes\beulahmbcwptheme\functions.php on line 30
[20-Jun-2020 21:56:57 UTC] PHP Parse error:  syntax error, unexpected ',', expecting ')' in C:\Users\ericw\Local Sites\beulahmbc\app\public\wp-content\themes\beulahmbcwptheme\functions.php on line 30
[20-Jun-2020 21:56:58 UTC] PHP Parse error:  syntax error, unexpected ',', expecting ')' in C:\Users\ericw\Local Sites\beulahmbc\app\public\wp-content\themes\beulahmbcwptheme\functions.php on line 30
[20-Jun-2020 23:27:12 UTC] PHP Parse error:  syntax error, unexpected ':', expecting ')' in C:\Users\ericw\Local Sites\beulahmbc\app\public\wp-content\themes\beulahmbcwptheme\functions.php on line 54
[20-Jun-2020 23:47:32 UTC] PHP Fatal error:  Uncaught Error: Call to undefined function sidebar_title() in C:\Users\ericw\Local Sites\beulahmbc\app\public\wp-content\themes\beulahmbcwptheme\index.php:55
Stack trace:
#0 C:\Users\ericw\Local Sites\beulahmbc\app\public\wp-includes\template-loader.php(106): include()
#1 C:\Users\ericw\Local Sites\beulahmbc\app\public\wp-blog-header.php(19): require_once('C:\\Users\\ericw\\...')
#2 C:\Users\ericw\Local Sites\beulahmbc\app\public\index.php(17): require('C:\\Users\\ericw\\...')
#3 {main}
  thrown in C:\Users\ericw\Local Sites\beulahmbc\app\public\wp-content\themes\beulahmbcwptheme\index.php on line 55
[20-Jun-2020 23:47:33 UTC] PHP Fatal error:  Uncaught Error: Call to undefined function sidebar_title() in C:\Users\ericw\Local Sites\beulahmbc\app\public\wp-content\themes\beulahmbcwptheme\index.php:55
Stack trace:
#0 C:\Users\ericw\Local Sites\beulahmbc\app\public\wp-includes\template-loader.php(106): include()
#1 C:\Users\ericw\Local Sites\beulahmbc\app\public\wp-blog-header.php(19): require_once('C:\\Users\\ericw\\...')
#2 C:\Users\ericw\Local Sites\beulahmbc\app\public\index.php(17): require('C:\\Users\\ericw\\...')
#3 {main}
  thrown in C:\Users\ericw\Local Sites\beulahmbc\app\public\wp-content\themes\beulahmbcwptheme\index.php on line 55
[20-Jun-2020 23:50:39 UTC] PHP Fatal error:  Uncaught Error: Call to undefined function sidebar_title() in C:\Users\ericw\Local Sites\beulahmbc\app\public\wp-content\themes\beulahmbcwptheme\index.php:55
Stack trace:
#0 C:\Users\ericw\Local Sites\beulahmbc\app\public\wp-includes\template-loader.php(106): include()
#1 C:\Users\ericw\Local Sites\beulahmbc\app\public\wp-blog-header.php(19): require_once('C:\\Users\\ericw\\...')
#2 C:\Users\ericw\Local Sites\beulahmbc\app\public\index.php(17): require('C:\\Users\\ericw\\...')
#3 {main}
  thrown in C:\Users\ericw\Local Sites\beulahmbc\app\public\wp-content\themes\beulahmbcwptheme\index.php on line 55
[20-Jun-2020 23:50:39 UTC] PHP Fatal error:  Uncaught Error: Call to undefined function sidebar_title() in C:\Users\ericw\Local Sites\beulahmbc\app\public\wp-content\themes\beulahmbcwptheme\index.php:55
Stack trace:
#0 C:\Users\ericw\Local Sites\beulahmbc\app\public\wp-includes\template-loader.php(106): include()
#1 C:\Users\ericw\Local Sites\beulahmbc\app\public\wp-blog-header.php(19): require_once('C:\\Users\\ericw\\...')
#2 C:\Users\ericw\Local Sites\beulahmbc\app\public\index.php(17): require('C:\\Users\\ericw\\...')
#3 {main}
  thrown in C:\Users\ericw\Local Sites\beulahmbc\app\public\wp-content\themes\beulahmbcwptheme\index.php on line 55
[21-Jun-2020 00:01:23 UTC] PHP Parse error:  syntax error, unexpected '}' in C:\Users\ericw\Local Sites\beulahmbc\app\public\wp-content\themes\beulahmbcwptheme\functions.php on line 54
[21-Jun-2020 00:02:16 UTC] PHP Fatal error:  Uncaught Error: Call to undefined function register_image() in C:\Users\ericw\Local Sites\beulahmbc\app\public\wp-content\themes\beulahmbcwptheme\functions.php:53
Stack trace:
#0 C:\Users\ericw\Local Sites\beulahmbc\app\public\wp-includes\class-wp-hook.php(287): bmbc_widgets('')
#1 C:\Users\ericw\Local Sites\beulahmbc\app\public\wp-includes\class-wp-hook.php(311): WP_Hook->apply_filters('', Array)
#2 C:\Users\ericw\Local Sites\beulahmbc\app\public\wp-includes\plugin.php(478): WP_Hook->do_action(Array)
#3 C:\Users\ericw\Local Sites\beulahmbc\app\public\wp-includes\widgets.php(1765): do_action('widgets_init')
#4 C:\Users\ericw\Local Sites\beulahmbc\app\public\wp-includes\class-wp-hook.php(287): wp_widgets_init('')
#5 C:\Users\ericw\Local Sites\beulahmbc\app\public\wp-includes\class-wp-hook.php(311): WP_Hook->apply_filters(NULL, Array)
#6 C:\Users\ericw\Local Sites\beulahmbc\app\public\wp-includes\plugin.php(478): WP_Hook->do_action(Array)
#7 C:\Users\ericw\Local Sites\beulahmbc\app\public\wp-settings.php(540):  in C:\Users\ericw\Local Sites\beulahmbc\app\public\wp-content\themes\beulahmbcwptheme\functions.php on line 53
[21-Jun-2020 01:00:36 UTC] PHP Warning:  count(): Parameter must be an array or an object that implements Countable in C:\Users\ericw\Local Sites\beulahmbc\app\public\wp-includes\post-template.php on line 317
[21-Jun-2020 01:00:36 UTC] PHP Stack trace:
[21-Jun-2020 01:00:36 UTC] PHP   1. {main}() C:\Users\ericw\Local Sites\beulahmbc\app\public\index.php:0
[21-Jun-2020 01:00:36 UTC] PHP   2. require() C:\Users\ericw\Local Sites\beulahmbc\app\public\index.php:17
[21-Jun-2020 01:00:36 UTC] PHP   3. require_once() C:\Users\ericw\Local Sites\beulahmbc\app\public\wp-blog-header.php:19
[21-Jun-2020 01:00:36 UTC] PHP   4. include() C:\Users\ericw\Local Sites\beulahmbc\app\public\wp-includes\template-loader.php:106
[21-Jun-2020 01:00:36 UTC] PHP   5. the_content() C:\Users\ericw\Local Sites\beulahmbc\app\public\wp-content\themes\beulahmbcwptheme\index.php:25
[21-Jun-2020 01:00:36 UTC] PHP   6. get_the_content() C:\Users\ericw\Local Sites\beulahmbc\app\public\wp-includes\post-template.php:244
[21-Jun-2020 03:05:37 UTC] PHP Warning:  PHP Startup: Unable to load dynamic library 'php_imagick.dll' (tried: C:/Users/ericw/AppData/Roaming/Local/lightning-services/php-7.4.1+10/bin/win64/ext\php_imagick.dll (The specified module could not be found.), C:/Users/ericw/AppData/Roaming/Local/lightning-services/php-7.4.1+10/bin/win64/ext\php_php_imagick.dll.dll (The specified module could not be found.)) in Unknown on line 0
[26-Jul-2020 20:03:58 UTC] PHP Warning:  PHP Startup: Unable to load dynamic library 'php_imagick.dll' (tried: C:/Users/ericw/AppData/Roaming/Local/lightning-services/php-7.4.1+10/bin/win64/ext\php_imagick.dll (The specified module could not be found.), C:/Users/ericw/AppData/Roaming/Local/lightning-services/php-7.4.1+10/bin/win64/ext\php_php_imagick.dll.dll (The specified module could not be found.)) in Unknown on line 0
[26-Jul-2020 20:04:04 UTC] PHP Warning:  PHP Startup: Unable to load dynamic library 'php_imagick.dll' (tried: C:/Users/ericw/AppData/Roaming/Local/lightning-services/php-7.4.1+10/bin/win64/ext\php_imagick.dll (The specified module could not be found.), C:/Users/ericw/AppData/Roaming/Local/lightning-services/php-7.4.1+10/bin/win64/ext\php_php_imagick.dll.dll (The specified module could not be found.)) in Unknown on line 0
[26-Jul-2020 21:30:24 UTC] PHP Warning:  PHP Startup: Unable to load dynamic library 'php_imagick.dll' (tried: C:/Users/ericw/AppData/Roaming/Local/lightning-services/php-7.4.1+10/bin/win64/ext\php_imagick.dll (The specified module could not be found.), C:/Users/ericw/AppData/Roaming/Local/lightning-services/php-7.4.1+10/bin/win64/ext\php_php_imagick.dll.dll (The specified module could not be found.)) in Unknown on line 0
[26-Jul-2020 21:30:29 UTC] PHP Warning:  PHP Startup: Unable to load dynamic library 'php_imagick.dll' (tried: C:/Users/ericw/AppData/Roaming/Local/lightning-services/php-7.4.1+10/bin/win64/ext\php_imagick.dll (The specified module could not be found.), C:/Users/ericw/AppData/Roaming/Local/lightning-services/php-7.4.1+10/bin/win64/ext\php_php_imagick.dll.dll (The specified module could not be found.)) in Unknown on line 0
[26-Jul-2020 21:30:34 UTC] WordPress database error Deadlock found when trying to get lock; try restarting transaction for query DELETE FROM `wp_options` WHERE `option_name` = '_transient_wp_bootstrap_blocks_version' made by require_once('wp-admin/admin.php'), require_once('wp-load.php'), require_once('wp-config.php'), require_once('wp-settings.php'), do_action('init'), WP_Hook->do_action, WP_Hook->apply_filters, WP_Bootstrap_Blocks\WP_Bootstrap_Blocks->check_version, get_transient, delete_option
[26-Jul-2020 21:30:34 UTC] WordPress database error Deadlock found when trying to get lock; try restarting transaction for query DELETE FROM `wp_options` WHERE `option_name` = '_transient_wp_bootstrap_blocks_version' made by include('phar://C:/Users/ericw/AppData/Local/Programs/Local/resources/extraResources/bin/wp-cli/wp-cli.phar/php/boot-phar.php'), include('phar://C:/Users/ericw/AppData/Local/Programs/Local/resources/extraResources/bin/wp-cli/wp-cli.phar/vendor/wp-cli/wp-cli/php/wp-cli.php'), WP_CLI\bootstrap, WP_CLI\Bootstrap\LaunchRunner->process, WP_CLI\Runner->start, WP_CLI\Runner->load_wordpress, require('wp-settings.php'), do_action('init'), WP_Hook->do_action, WP_Hook->apply_filters, WP_Bootstrap_Blocks\WP_Bootstrap_Blocks->check_version, get_transient, delete_option
[27-Jul-2020 03:43:40 UTC] PHP Warning:  PHP Startup: Unable to load dynamic library 'php_imagick.dll' (tried: C:/Users/ericw/AppData/Roaming/Local/lightning-services/php-7.4.1+10/bin/win64/ext\php_imagick.dll (The specified module could not be found.), C:/Users/ericw/AppData/Roaming/Local/lightning-services/php-7.4.1+10/bin/win64/ext\php_php_imagick.dll.dll (The specified module could not be found.)) in Unknown on line 0
[27-Jul-2020 03:43:43 UTC] PHP Warning:  PHP Startup: Unable to load dynamic library 'php_imagick.dll' (tried: C:/Users/ericw/AppData/Roaming/Local/lightning-services/php-7.4.1+10/bin/win64/ext\php_imagick.dll (The specified module could not be found.), C:/Users/ericw/AppData/Roaming/Local/lightning-services/php-7.4.1+10/bin/win64/ext\php_php_imagick.dll.dll (The specified module could not be found.)) in Unknown on line 0
[27-Jul-2020 03:43:49 UTC] WordPress database error Deadlock found when trying to get lock; try restarting transaction for query DELETE FROM `wp_options` WHERE `option_name` = '_transient_wp_bootstrap_blocks_version' made by require('wp-blog-header.php'), require_once('wp-load.php'), require_once('wp-config.php'), require_once('wp-settings.php'), do_action('init'), WP_Hook->do_action, WP_Hook->apply_filters, WP_Bootstrap_Blocks\WP_Bootstrap_Blocks->check_version, get_transient, delete_option
[27-Jul-2020 03:43:49 UTC] WordPress database error Deadlock found when trying to get lock; try restarting transaction for query DELETE FROM `wp_options` WHERE `option_name` = '_transient_wp_bootstrap_blocks_version' made by include('phar://C:/Users/ericw/AppData/Local/Programs/Local/resources/extraResources/bin/wp-cli/wp-cli.phar/php/boot-phar.php'), include('phar://C:/Users/ericw/AppData/Local/Programs/Local/resources/extraResources/bin/wp-cli/wp-cli.phar/vendor/wp-cli/wp-cli/php/wp-cli.php'), WP_CLI\bootstrap, WP_CLI\Bootstrap\LaunchRunner->process, WP_CLI\Runner->start, WP_CLI\Runner->load_wordpress, require('wp-settings.php'), do_action('init'), WP_Hook->do_action, WP_Hook->apply_filters, WP_Bootstrap_Blocks\WP_Bootstrap_Blocks->check_version, get_transient, delete_option
[17-Aug-2020 22:27:59 UTC] PHP Warning:  PHP Startup: Unable to load dynamic library 'php_imagick.dll' (tried: C:/Users/ericw/AppData/Roaming/Local/lightning-services/php-7.4.1+10/bin/win64/ext\php_imagick.dll (The specified module could not be found.), C:/Users/ericw/AppData/Roaming/Local/lightning-services/php-7.4.1+10/bin/win64/ext\php_php_imagick.dll.dll (The specified module could not be found.)) in Unknown on line 0
[17-Aug-2020 22:33:59 UTC] PHP Warning:  PHP Startup: Unable to load dynamic library 'php_imagick.dll' (tried: C:/Users/ericw/AppData/Roaming/Local/lightning-services/php-7.4.1+10/bin/win64/ext\php_imagick.dll (The specified module could not be found.), C:/Users/ericw/AppData/Roaming/Local/lightning-services/php-7.4.1+10/bin/win64/ext\php_php_imagick.dll.dll (The specified module could not be found.)) in Unknown on line 0
